cl : 명령줄 warning D9030: '/Yc'이(가) 다중 처리와 호환되지 않습니다. /MP 스위치를 무시합니다.
  BuildGameObject.cpp
D:\study_2\프로젝트\KPU-GL-PROJECT\GL_PROJECT\FreeImage.h(1,1): warning C4819: 현재 코드 페이지(949)에서 표시할 수 없는 문자가 파일에 들어 있습니다. 데이터가 손실되지 않게 하려면 해당 파일을 유니코드 형식으로 저장하십시오.
D:\study_2\프로젝트\KPU-GL-PROJECT\GL_PROJECT\Color.h(22,2): warning C4091: 'static ': 변수를 선언하지 않으면 'Color' 왼쪽은 무시됩니다.
D:\study_2\프로젝트\KPU-GL-PROJECT\GL_PROJECT\BuildGameObject.cpp(52,13): warning C4244: '=': 'double'에서 'float'(으)로 변환하면서 데이터가 손실될 수 있습니다.
D:\study_2\프로젝트\KPU-GL-PROJECT\GL_PROJECT\BuildGameObject.cpp(53,13): warning C4244: '=': 'double'에서 'float'(으)로 변환하면서 데이터가 손실될 수 있습니다.
D:\study_2\프로젝트\KPU-GL-PROJECT\GL_PROJECT\BuildGameObject.cpp(59,19): warning C4305: '-=': 'double'에서 'float'(으)로 잘립니다.
D:\study_2\프로젝트\KPU-GL-PROJECT\GL_PROJECT\BuildGameObject.cpp(63,18): warning C4244: '+=': 'double'에서 'float'(으)로 변환하면서 데이터가 손실될 수 있습니다.
D:\study_2\프로젝트\KPU-GL-PROJECT\GL_PROJECT\BuildGameObject.cpp(64,18): warning C4244: '+=': 'double'에서 'float'(으)로 변환하면서 데이터가 손실될 수 있습니다.
D:\study_2\프로젝트\KPU-GL-PROJECT\GL_PROJECT\BuildGameObject.cpp(69,25): warning C4244: '+=': 'double'에서 'float'(으)로 변환하면서 데이터가 손실될 수 있습니다.
D:\study_2\프로젝트\KPU-GL-PROJECT\GL_PROJECT\BuildGameObject.cpp(73,17): warning C4244: '+=': 'double'에서 'float'(으)로 변환하면서 데이터가 손실될 수 있습니다.
D:\study_2\프로젝트\KPU-GL-PROJECT\GL_PROJECT\BuildGameObject.cpp(74,17): warning C4244: '+=': 'double'에서 'float'(으)로 변환하면서 데이터가 손실될 수 있습니다.
D:\study_2\프로젝트\KPU-GL-PROJECT\GL_PROJECT\BuildGameObject.cpp(123,1): warning C4305: '초기화 중': 'double'에서 'float'(으)로 잘립니다.
D:\study_2\프로젝트\KPU-GL-PROJECT\GL_PROJECT\BuildGameObject.cpp(571,21): warning C4244: '=': 'double'에서 'float'(으)로 변환하면서 데이터가 손실될 수 있습니다.
D:\study_2\프로젝트\KPU-GL-PROJECT\GL_PROJECT\BuildGameObject.cpp(572,21): warning C4244: '=': 'double'에서 'float'(으)로 변환하면서 데이터가 손실될 수 있습니다.
D:\study_2\프로젝트\KPU-GL-PROJECT\GL_PROJECT\BuildGameObject.cpp(579,21): warning C4244: '=': 'double'에서 'float'(으)로 변환하면서 데이터가 손실될 수 있습니다.
D:\study_2\프로젝트\KPU-GL-PROJECT\GL_PROJECT\BuildGameObject.cpp(580,21): warning C4244: '=': 'double'에서 'float'(으)로 변환하면서 데이터가 손실될 수 있습니다.
D:\study_2\프로젝트\KPU-GL-PROJECT\GL_PROJECT\BuildGameObject.cpp(658,20): warning C4244: '=': 'double'에서 'float'(으)로 변환하면서 데이터가 손실될 수 있습니다.
D:\study_2\프로젝트\KPU-GL-PROJECT\GL_PROJECT\BuildGameObject.cpp(659,20): warning C4244: '=': 'double'에서 'float'(으)로 변환하면서 데이터가 손실될 수 있습니다.
D:\study_2\프로젝트\KPU-GL-PROJECT\GL_PROJECT\BuildGameObject.cpp(663,1): warning C4244: '-=': 'double'에서 'float'(으)로 변환하면서 데이터가 손실될 수 있습니다.
D:\study_2\프로젝트\KPU-GL-PROJECT\GL_PROJECT\BuildGameObject.cpp(670,21): warning C4244: '=': 'double'에서 'float'(으)로 변환하면서 데이터가 손실될 수 있습니다.
D:\study_2\프로젝트\KPU-GL-PROJECT\GL_PROJECT\BuildGameObject.cpp(671,21): warning C4244: '=': 'double'에서 'float'(으)로 변환하면서 데이터가 손실될 수 있습니다.
C:\Program Files (x86)\Microsoft Visual Studio\2019\Community\VC\Tools\MSVC\14.28.29910\include\type_traits(1596,98): warning C4244: '인수': '_Ty'에서 'int'(으)로 변환하면서 데이터가 손실될 수 있습니다.
          with
          [
              _Ty=float
          ]
C:\Program Files (x86)\Microsoft Visual Studio\2019\Community\VC\Tools\MSVC\14.28.29910\include\functional(743): message : 컴파일되는 함수 템플릿 인스턴스화 'void std::invoke<_Callable&,_Ty,float,float,LambdaCameraObject*>(Framework::BuildGameObjects::<lambda_ea1ca93b8b50a97221f2b163a62e0a0c>&,_Ty1 &&,float &&,float &&,LambdaCameraObject *&&) noexcept(false)'에 대한 참조를 확인하세요.
          with
          [
              _Callable=Framework::BuildGameObjects::<lambda_ea1ca93b8b50a97221f2b163a62e0a0c>,
              _Ty=int,
              _Ty1=int
          ]
C:\Program Files (x86)\Microsoft Visual Studio\2019\Community\VC\Tools\MSVC\14.28.29910\include\functional(937): message : 컴파일되는 함수 템플릿 인스턴스화 'void std::_Invoker_ret<_Rx,true>::_Call<_Callable&,_Ty,float,float,LambdaCameraObject*>(_Fx,_Ty &&,float &&,float &&,LambdaCameraObject *&&) noexcept(false)'에 대한 참조를 확인하세요.
          with
          [
              _Rx=void,
              _Callable=Framework::BuildGameObjects::<lambda_ea1ca93b8b50a97221f2b163a62e0a0c>,
              _Ty=int,
              _Fx=Framework::BuildGameObjects::<lambda_ea1ca93b8b50a97221f2b163a62e0a0c> &
          ]
C:\Program Files (x86)\Microsoft Visual Studio\2019\Community\VC\Tools\MSVC\14.28.29910\include\functional(938): message : 컴파일되는 함수 템플릿 인스턴스화 'void std::_Invoker_ret<_Rx,true>::_Call<_Callable&,_Ty,float,float,LambdaCameraObject*>(_Fx,_Ty &&,float &&,float &&,LambdaCameraObject *&&) noexcept(false)'에 대한 참조를 확인하세요.
          with
          [
              _Rx=void,
              _Callable=Framework::BuildGameObjects::<lambda_ea1ca93b8b50a97221f2b163a62e0a0c>,
              _Ty=int,
              _Fx=Framework::BuildGameObjects::<lambda_ea1ca93b8b50a97221f2b163a62e0a0c> &
          ]
C:\Program Files (x86)\Microsoft Visual Studio\2019\Community\VC\Tools\MSVC\14.28.29910\include\functional(937): message : 클래스 템플릿 멤버 함수 '_Rx std::_Func_impl_no_alloc<Framework::BuildGameObjects::<lambda_ea1ca93b8b50a97221f2b163a62e0a0c>,_Rx,int,float,float,LambdaCameraObject *>::_Do_call(int &&,float &&,float &&,LambdaCameraObject *&&)'을(를) 컴파일하는 중입니다.
          with
          [
              _Rx=void
          ]
C:\Program Files (x86)\Microsoft Visual Studio\2019\Community\VC\Tools\MSVC\14.28.29910\include\functional(831): message : 컴파일되는 클래스 템플릿 인스턴스화 'std::_Func_impl_no_alloc<Framework::BuildGameObjects::<lambda_ea1ca93b8b50a97221f2b163a62e0a0c>,_Ret,int,float,float,LambdaCameraObject *>'에 대한 참조를 확인하세요.
          with
          [
              _Ret=void
          ]
C:\Program Files (x86)\Microsoft Visual Studio\2019\Community\VC\Tools\MSVC\14.28.29910\include\functional(1028): message : 컴파일되는 변수 템플릿 'const bool _Is_large<std::_Func_impl_no_alloc<<lambda_ea1ca93b8b50a97221f2b163a62e0a0c>,void,int,float,float,LambdaCameraObject *> >'에 대한 참조를 확인하세요.
C:\Program Files (x86)\Microsoft Visual Studio\2019\Community\VC\Tools\MSVC\14.28.29910\include\functional(1161): message : 컴파일되는 함수 템플릿 인스턴스화 'void std::_Func_class<_Ret,int,float,float,LambdaCameraObject *>::_Reset<Framework::BuildGameObjects::<lambda_ea1ca93b8b50a97221f2b163a62e0a0c>>(_Fx &&)'에 대한 참조를 확인하세요.
          with
          [
              _Ret=void,
              _Fx=Framework::BuildGameObjects::<lambda_ea1ca93b8b50a97221f2b163a62e0a0c>
          ]
C:\Program Files (x86)\Microsoft Visual Studio\2019\Community\VC\Tools\MSVC\14.28.29910\include\functional(1161): message : 컴파일되는 함수 템플릿 인스턴스화 'void std::_Func_class<_Ret,int,float,float,LambdaCameraObject *>::_Reset<Framework::BuildGameObjects::<lambda_ea1ca93b8b50a97221f2b163a62e0a0c>>(_Fx &&)'에 대한 참조를 확인하세요.
          with
          [
              _Ret=void,
              _Fx=Framework::BuildGameObjects::<lambda_ea1ca93b8b50a97221f2b163a62e0a0c>
          ]
D:\study_2\프로젝트\KPU-GL-PROJECT\GL_PROJECT\BuildGameObject.cpp(876): message : 컴파일되는 함수 템플릿 인스턴스화 'std::function<void (int,float,float,LambdaCameraObject *)>::function<Framework::BuildGameObjects::<lambda_ea1ca93b8b50a97221f2b163a62e0a0c>,0>(_Fx)'에 대한 참조를 확인하세요.
          with
          [
              _Fx=Framework::BuildGameObjects::<lambda_ea1ca93b8b50a97221f2b163a62e0a0c>
          ]
D:\study_2\프로젝트\KPU-GL-PROJECT\GL_PROJECT\BuildGameObject.cpp(857): message : 컴파일되는 함수 템플릿 인스턴스화 'std::function<void (int,float,float,LambdaCameraObject *)>::function<Framework::BuildGameObjects::<lambda_ea1ca93b8b50a97221f2b163a62e0a0c>,0>(_Fx)'에 대한 참조를 확인하세요.
          with
          [
              _Fx=Framework::BuildGameObjects::<lambda_ea1ca93b8b50a97221f2b163a62e0a0c>
          ]
  BuildMapObjects.cpp
D:\study_2\프로젝트\KPU-GL-PROJECT\GL_PROJECT\FreeImage.h(1,1): warning C4819: 현재 코드 페이지(949)에서 표시할 수 없는 문자가 파일에 들어 있습니다. 데이터가 손실되지 않게 하려면 해당 파일을 유니코드 형식으로 저장하십시오.
D:\study_2\프로젝트\KPU-GL-PROJECT\GL_PROJECT\Color.h(22,2): warning C4091: 'static ': 변수를 선언하지 않으면 'Color' 왼쪽은 무시됩니다.
C:\Program Files (x86)\Microsoft Visual Studio\2019\Community\VC\Tools\MSVC\14.28.29910\include\type_traits(1596,98): warning C4244: '인수': '_Ty'에서 'int'(으)로 변환하면서 데이터가 손실될 수 있습니다.
          with
          [
              _Ty=float
          ]
C:\Program Files (x86)\Microsoft Visual Studio\2019\Community\VC\Tools\MSVC\14.28.29910\include\functional(743): message : 컴파일되는 함수 템플릿 인스턴스화 'void std::invoke<_Callable&,_Ty,float,float,LambdaGameObject*>(Framework::BuildMapObjects::<lambda_a71a44ee263f8ef4438447e88261f112>&,_Ty1 &&,float &&,float &&,LambdaGameObject *&&) noexcept(false)'에 대한 참조를 확인하세요.
          with
          [
              _Callable=Framework::BuildMapObjects::<lambda_a71a44ee263f8ef4438447e88261f112>,
              _Ty=unsigned char,
              _Ty1=unsigned char
          ]
C:\Program Files (x86)\Microsoft Visual Studio\2019\Community\VC\Tools\MSVC\14.28.29910\include\functional(937): message : 컴파일되는 함수 템플릿 인스턴스화 'void std::_Invoker_ret<_Rx,true>::_Call<_Callable&,_Ty,float,float,LambdaGameObject*>(_Fx,_Ty &&,float &&,float &&,LambdaGameObject *&&) noexcept(false)'에 대한 참조를 확인하세요.
          with
          [
              _Rx=void,
              _Callable=Framework::BuildMapObjects::<lambda_a71a44ee263f8ef4438447e88261f112>,
              _Ty=unsigned char,
              _Fx=Framework::BuildMapObjects::<lambda_a71a44ee263f8ef4438447e88261f112> &
          ]
C:\Program Files (x86)\Microsoft Visual Studio\2019\Community\VC\Tools\MSVC\14.28.29910\include\functional(938): message : 컴파일되는 함수 템플릿 인스턴스화 'void std::_Invoker_ret<_Rx,true>::_Call<_Callable&,_Ty,float,float,LambdaGameObject*>(_Fx,_Ty &&,float &&,float &&,LambdaGameObject *&&) noexcept(false)'에 대한 참조를 확인하세요.
          with
          [
              _Rx=void,
              _Callable=Framework::BuildMapObjects::<lambda_a71a44ee263f8ef4438447e88261f112>,
              _Ty=unsigned char,
              _Fx=Framework::BuildMapObjects::<lambda_a71a44ee263f8ef4438447e88261f112> &
          ]
C:\Program Files (x86)\Microsoft Visual Studio\2019\Community\VC\Tools\MSVC\14.28.29910\include\functional(937): message : 클래스 템플릿 멤버 함수 '_Rx std::_Func_impl_no_alloc<Framework::BuildMapObjects::<lambda_a71a44ee263f8ef4438447e88261f112>,_Rx,unsigned char,float,float,LambdaGameObject *>::_Do_call(unsigned char &&,float &&,float &&,LambdaGameObject *&&)'을(를) 컴파일하는 중입니다.
          with
          [
              _Rx=void
          ]
C:\Program Files (x86)\Microsoft Visual Studio\2019\Community\VC\Tools\MSVC\14.28.29910\include\functional(831): message : 컴파일되는 클래스 템플릿 인스턴스화 'std::_Func_impl_no_alloc<Framework::BuildMapObjects::<lambda_a71a44ee263f8ef4438447e88261f112>,_Ret,unsigned char,float,float,LambdaGameObject *>'에 대한 참조를 확인하세요.
          with
          [
              _Ret=void
          ]
C:\Program Files (x86)\Microsoft Visual Studio\2019\Community\VC\Tools\MSVC\14.28.29910\include\functional(1028): message : 컴파일되는 변수 템플릿 'const bool _Is_large<std::_Func_impl_no_alloc<<lambda_a71a44ee263f8ef4438447e88261f112>,void,unsigned char,float,float,LambdaGameObject *> >'에 대한 참조를 확인하세요.
C:\Program Files (x86)\Microsoft Visual Studio\2019\Community\VC\Tools\MSVC\14.28.29910\include\functional(1161): message : 컴파일되는 함수 템플릿 인스턴스화 'void std::_Func_class<_Ret,unsigned char,float,float,LambdaGameObject *>::_Reset<Framework::BuildMapObjects::<lambda_a71a44ee263f8ef4438447e88261f112>>(_Fx &&)'에 대한 참조를 확인하세요.
          with
          [
              _Ret=void,
              _Fx=Framework::BuildMapObjects::<lambda_a71a44ee263f8ef4438447e88261f112>
          ]
C:\Program Files (x86)\Microsoft Visual Studio\2019\Community\VC\Tools\MSVC\14.28.29910\include\functional(1161): message : 컴파일되는 함수 템플릿 인스턴스화 'void std::_Func_class<_Ret,unsigned char,float,float,LambdaGameObject *>::_Reset<Framework::BuildMapObjects::<lambda_a71a44ee263f8ef4438447e88261f112>>(_Fx &&)'에 대한 참조를 확인하세요.
          with
          [
              _Ret=void,
              _Fx=Framework::BuildMapObjects::<lambda_a71a44ee263f8ef4438447e88261f112>
          ]
D:\study_2\프로젝트\KPU-GL-PROJECT\GL_PROJECT\BuildMapObjects.cpp(47): message : 컴파일되는 함수 템플릿 인스턴스화 'std::function<void (unsigned char,float,float,LambdaGameObject *)>::function<Framework::BuildMapObjects::<lambda_a71a44ee263f8ef4438447e88261f112>,0>(_Fx)'에 대한 참조를 확인하세요.
          with
          [
              _Fx=Framework::BuildMapObjects::<lambda_a71a44ee263f8ef4438447e88261f112>
          ]
D:\study_2\프로젝트\KPU-GL-PROJECT\GL_PROJECT\BuildMapObjects.cpp(29): message : 컴파일되는 함수 템플릿 인스턴스화 'std::function<void (unsigned char,float,float,LambdaGameObject *)>::function<Framework::BuildMapObjects::<lambda_a71a44ee263f8ef4438447e88261f112>,0>(_Fx)'에 대한 참조를 확인하세요.
          with
          [
              _Fx=Framework::BuildMapObjects::<lambda_a71a44ee263f8ef4438447e88261f112>
          ]
  BuildMaterial.cpp
D:\study_2\프로젝트\KPU-GL-PROJECT\GL_PROJECT\FreeImage.h(1,1): warning C4819: 현재 코드 페이지(949)에서 표시할 수 없는 문자가 파일에 들어 있습니다. 데이터가 손실되지 않게 하려면 해당 파일을 유니코드 형식으로 저장하십시오.
D:\study_2\프로젝트\KPU-GL-PROJECT\GL_PROJECT\Color.h(22,2): warning C4091: 'static ': 변수를 선언하지 않으면 'Color' 왼쪽은 무시됩니다.
  BuildShader.cpp
D:\study_2\프로젝트\KPU-GL-PROJECT\GL_PROJECT\FreeImage.h(1,1): warning C4819: 현재 코드 페이지(949)에서 표시할 수 없는 문자가 파일에 들어 있습니다. 데이터가 손실되지 않게 하려면 해당 파일을 유니코드 형식으로 저장하십시오.
  BuildSound.cpp
D:\study_2\프로젝트\KPU-GL-PROJECT\GL_PROJECT\FreeImage.h(1,1): warning C4819: 현재 코드 페이지(949)에서 표시할 수 없는 문자가 파일에 들어 있습니다. 데이터가 손실되지 않게 하려면 해당 파일을 유니코드 형식으로 저장하십시오.
D:\study_2\프로젝트\KPU-GL-PROJECT\GL_PROJECT\BuildSound.cpp(39,64): warning C4554: '|': 연산자 우선 순위에 오류가 있는지 확인하세요. 괄호를 사용하여 우선 순위를 명확하게 지정하세요.
  buildTexture.cpp
D:\study_2\프로젝트\KPU-GL-PROJECT\GL_PROJECT\FreeImage.h(1,1): warning C4819: 현재 코드 페이지(949)에서 표시할 수 없는 문자가 파일에 들어 있습니다. 데이터가 손실되지 않게 하려면 해당 파일을 유니코드 형식으로 저장하십시오.
  BuildUIObject.cpp
D:\study_2\프로젝트\KPU-GL-PROJECT\GL_PROJECT\FreeImage.h(1,1): warning C4819: 현재 코드 페이지(949)에서 표시할 수 없는 문자가 파일에 들어 있습니다. 데이터가 손실되지 않게 하려면 해당 파일을 유니코드 형식으로 저장하십시오.
D:\study_2\프로젝트\KPU-GL-PROJECT\GL_PROJECT\Color.h(22,2): warning C4091: 'static ': 변수를 선언하지 않으면 'Color' 왼쪽은 무시됩니다.
  BuildVertexs.cpp
D:\study_2\프로젝트\KPU-GL-PROJECT\GL_PROJECT\FreeImage.h(1,1): warning C4819: 현재 코드 페이지(949)에서 표시할 수 없는 문자가 파일에 들어 있습니다. 데이터가 손실되지 않게 하려면 해당 파일을 유니코드 형식으로 저장하십시오.
  CameraObject.cpp
D:\study_2\프로젝트\KPU-GL-PROJECT\GL_PROJECT\FreeImage.h(1,1): warning C4819: 현재 코드 페이지(949)에서 표시할 수 없는 문자가 파일에 들어 있습니다. 데이터가 손실되지 않게 하려면 해당 파일을 유니코드 형식으로 저장하십시오.
  Collision.cpp
D:\study_2\프로젝트\KPU-GL-PROJECT\GL_PROJECT\FreeImage.h(1,1): warning C4819: 현재 코드 페이지(949)에서 표시할 수 없는 문자가 파일에 들어 있습니다. 데이터가 손실되지 않게 하려면 해당 파일을 유니코드 형식으로 저장하십시오.
D:\study_2\프로젝트\KPU-GL-PROJECT\GL_PROJECT\Color.h(22,2): warning C4091: 'static ': 변수를 선언하지 않으면 'Color' 왼쪽은 무시됩니다.
  ConstantVariable.cpp
  Framework.cpp
D:\study_2\프로젝트\KPU-GL-PROJECT\GL_PROJECT\Framework.cpp(1,1): warning C4819: 현재 코드 페이지(949)에서 표시할 수 없는 문자가 파일에 들어 있습니다. 데이터가 손실되지 않게 하려면 해당 파일을 유니코드 형식으로 저장하십시오.
D:\study_2\프로젝트\KPU-GL-PROJECT\GL_PROJECT\FreeImage.h(1,1): warning C4819: 현재 코드 페이지(949)에서 표시할 수 없는 문자가 파일에 들어 있습니다. 데이터가 손실되지 않게 하려면 해당 파일을 유니코드 형식으로 저장하십시오.
D:\study_2\프로젝트\KPU-GL-PROJECT\GL_PROJECT\Color.h(22,2): warning C4091: 'static ': 변수를 선언하지 않으면 'Color' 왼쪽은 무시됩니다.
D:\study_2\프로젝트\KPU-GL-PROJECT\GL_PROJECT\Framework.cpp(10,48): warning C4356: 'Singleton<Framework>::instance': 정적 데이터 멤버는 파생 클래스를 통해 초기화할 수 없습니다.
D:\study_2\프로젝트\KPU-GL-PROJECT\GL_PROJECT\Framework.cpp(227,110): warning C4244: '인수': 'T'에서 'int'(으)로 변환하면서 데이터가 손실될 수 있습니다.
          with
          [
              T=float
          ]
D:\study_2\프로젝트\KPU-GL-PROJECT\GL_PROJECT\Framework.cpp(227,89): warning C4244: '인수': 'T'에서 'int'(으)로 변환하면서 데이터가 손실될 수 있습니다.
          with
          [
              T=float
          ]
D:\study_2\프로젝트\KPU-GL-PROJECT\GL_PROJECT\Framework.cpp(227,68): warning C4244: '인수': 'T'에서 'int'(으)로 변환하면서 데이터가 손실될 수 있습니다.
          with
          [
              T=float
          ]
D:\study_2\프로젝트\KPU-GL-PROJECT\GL_PROJECT\Framework.cpp(227,43): warning C4244: '인수': 'T'에서 'int'(으)로 변환하면서 데이터가 손실될 수 있습니다.
          with
          [
              T=float
          ]
D:\study_2\프로젝트\KPU-GL-PROJECT\GL_PROJECT\Framework.cpp(439,27): warning C4244: '인수': 'int'에서 'float'(으)로 변환하면서 데이터가 손실될 수 있습니다.
D:\study_2\프로젝트\KPU-GL-PROJECT\GL_PROJECT\Framework.cpp(439,24): warning C4244: '인수': 'int'에서 'float'(으)로 변환하면서 데이터가 손실될 수 있습니다.
D:\study_2\프로젝트\KPU-GL-PROJECT\GL_PROJECT\Framework.cpp(443,27): warning C4244: '인수': 'int'에서 'float'(으)로 변환하면서 데이터가 손실될 수 있습니다.
D:\study_2\프로젝트\KPU-GL-PROJECT\GL_PROJECT\Framework.cpp(443,24): warning C4244: '인수': 'int'에서 'float'(으)로 변환하면서 데이터가 손실될 수 있습니다.
D:\study_2\프로젝트\KPU-GL-PROJECT\GL_PROJECT\Framework.cpp(460,31): warning C4244: '인수': 'int'에서 'float'(으)로 변환하면서 데이터가 손실될 수 있습니다.
D:\study_2\프로젝트\KPU-GL-PROJECT\GL_PROJECT\Framework.cpp(460,28): warning C4244: '인수': 'int'에서 'float'(으)로 변환하면서 데이터가 손실될 수 있습니다.
D:\study_2\프로젝트\KPU-GL-PROJECT\GL_PROJECT\Framework.cpp(464,31): warning C4244: '인수': 'int'에서 'float'(으)로 변환하면서 데이터가 손실될 수 있습니다.
D:\study_2\프로젝트\KPU-GL-PROJECT\GL_PROJECT\Framework.cpp(464,28): warning C4244: '인수': 'int'에서 'float'(으)로 변환하면서 데이터가 손실될 수 있습니다.
D:\study_2\프로젝트\KPU-GL-PROJECT\GL_PROJECT\Framework.cpp(472,29): warning C4244: '인수': 'int'에서 'float'(으)로 변환하면서 데이터가 손실될 수 있습니다.
D:\study_2\프로젝트\KPU-GL-PROJECT\GL_PROJECT\Framework.cpp(472,26): warning C4244: '인수': 'int'에서 'float'(으)로 변환하면서 데이터가 손실될 수 있습니다.
D:\study_2\프로젝트\KPU-GL-PROJECT\GL_PROJECT\Framework.cpp(476,29): warning C4244: '인수': 'int'에서 'float'(으)로 변환하면서 데이터가 손실될 수 있습니다.
D:\study_2\프로젝트\KPU-GL-PROJECT\GL_PROJECT\Framework.cpp(476,26): warning C4244: '인수': 'int'에서 'float'(으)로 변환하면서 데이터가 손실될 수 있습니다.
D:\study_2\프로젝트\KPU-GL-PROJECT\GL_PROJECT\Framework.cpp(484,33): warning C4244: '인수': 'int'에서 'float'(으)로 변환하면서 데이터가 손실될 수 있습니다.
D:\study_2\프로젝트\KPU-GL-PROJECT\GL_PROJECT\Framework.cpp(484,30): warning C4244: '인수': 'int'에서 'float'(으)로 변환하면서 데이터가 손실될 수 있습니다.
D:\study_2\프로젝트\KPU-GL-PROJECT\GL_PROJECT\Framework.cpp(488,33): warning C4244: '인수': 'int'에서 'float'(으)로 변환하면서 데이터가 손실될 수 있습니다.
D:\study_2\프로젝트\KPU-GL-PROJECT\GL_PROJECT\Framework.cpp(488,30): warning C4244: '인수': 'int'에서 'float'(으)로 변환하면서 데이터가 손실될 수 있습니다.
  GameObject.cpp
D:\study_2\프로젝트\KPU-GL-PROJECT\GL_PROJECT\FreeImage.h(1,1): warning C4819: 현재 코드 페이지(949)에서 표시할 수 없는 문자가 파일에 들어 있습니다. 데이터가 손실되지 않게 하려면 해당 파일을 유니코드 형식으로 저장하십시오.
  LambdaCameraObject.cpp
  LambdaGameObject.cpp
  LambdaLightObject.cpp
  LightObejct.cpp
D:\study_2\프로젝트\KPU-GL-PROJECT\GL_PROJECT\FreeImage.h(1,1): warning C4819: 현재 코드 페이지(949)에서 표시할 수 없는 문자가 파일에 들어 있습니다. 데이터가 손실되지 않게 하려면 해당 파일을 유니코드 형식으로 저장하십시오.
  LoadObj_Deprecated.cpp
D:\study_2\프로젝트\KPU-GL-PROJECT\GL_PROJECT\LoadObj_Deprecated.cpp(97,29): warning C4244: '=': 'double'에서 'float'(으)로 변환하면서 데이터가 손실될 수 있습니다.
D:\study_2\프로젝트\KPU-GL-PROJECT\GL_PROJECT\LoadObj_Deprecated.cpp(98,29): warning C4244: '=': 'double'에서 'float'(으)로 변환하면서 데이터가 손실될 수 있습니다.
D:\study_2\프로젝트\KPU-GL-PROJECT\GL_PROJECT\LoadObj_Deprecated.cpp(99,29): warning C4244: '=': 'double'에서 'float'(으)로 변환하면서 데이터가 손실될 수 있습니다.
D:\study_2\프로젝트\KPU-GL-PROJECT\GL_PROJECT\LoadObj_Deprecated.cpp(210,29): warning C4244: '=': 'double'에서 'float'(으)로 변환하면서 데이터가 손실될 수 있습니다.
D:\study_2\프로젝트\KPU-GL-PROJECT\GL_PROJECT\LoadObj_Deprecated.cpp(211,29): warning C4244: '=': 'double'에서 'float'(으)로 변환하면서 데이터가 손실될 수 있습니다.
D:\study_2\프로젝트\KPU-GL-PROJECT\GL_PROJECT\LoadObj_Deprecated.cpp(212,29): warning C4244: '=': 'double'에서 'float'(으)로 변환하면서 데이터가 손실될 수 있습니다.
  main.cpp
D:\study_2\프로젝트\KPU-GL-PROJECT\GL_PROJECT\FreeImage.h(1,1): warning C4819: 현재 코드 페이지(949)에서 표시할 수 없는 문자가 파일에 들어 있습니다. 데이터가 손실되지 않게 하려면 해당 파일을 유니코드 형식으로 저장하십시오.
D:\study_2\프로젝트\KPU-GL-PROJECT\GL_PROJECT\main.cpp(5,1): warning C4326: 'main'의 반환 형식이 'int'이어야 하는데 'void'입니다.
  MouseCameraObject.cpp
D:\study_2\프로젝트\KPU-GL-PROJECT\GL_PROJECT\FreeImage.h(1,1): warning C4819: 현재 코드 페이지(949)에서 표시할 수 없는 문자가 파일에 들어 있습니다. 데이터가 손실되지 않게 하려면 해당 파일을 유니코드 형식으로 저장하십시오.
  RenderItem.cpp
D:\study_2\프로젝트\KPU-GL-PROJECT\GL_PROJECT\FreeImage.h(1,1): warning C4819: 현재 코드 페이지(949)에서 표시할 수 없는 문자가 파일에 들어 있습니다. 데이터가 손실되지 않게 하려면 해당 파일을 유니코드 형식으로 저장하십시오.
  Texture.cpp
  UIConstantVariable.cpp
  UINumber.cpp
D:\study_2\프로젝트\KPU-GL-PROJECT\GL_PROJECT\FreeImage.h(1,1): warning C4819: 현재 코드 페이지(949)에서 표시할 수 없는 문자가 파일에 들어 있습니다. 데이터가 손실되지 않게 하려면 해당 파일을 유니코드 형식으로 저장하십시오.
D:\study_2\프로젝트\KPU-GL-PROJECT\GL_PROJECT\Color.h(22,2): warning C4091: 'static ': 변수를 선언하지 않으면 'Color' 왼쪽은 무시됩니다.
D:\study_2\프로젝트\KPU-GL-PROJECT\GL_PROJECT\UINumber.cpp(19,23): warning C4018: '<': signed 또는 unsigned가 일치하지 않습니다.
D:\study_2\프로젝트\KPU-GL-PROJECT\GL_PROJECT\UINumber.cpp(47,23): warning C4018: '<': signed 또는 unsigned가 일치하지 않습니다.
D:\study_2\프로젝트\KPU-GL-PROJECT\GL_PROJECT\UINumber.cpp(57,23): warning C4018: '<': signed 또는 unsigned가 일치하지 않습니다.
  UIObject.cpp
D:\study_2\프로젝트\KPU-GL-PROJECT\GL_PROJECT\FreeImage.h(1,1): warning C4819: 현재 코드 페이지(949)에서 표시할 수 없는 문자가 파일에 들어 있습니다. 데이터가 손실되지 않게 하려면 해당 파일을 유니코드 형식으로 저장하십시오.
  UIRenderItem.cpp
D:\study_2\프로젝트\KPU-GL-PROJECT\GL_PROJECT\FreeImage.h(1,1): warning C4819: 현재 코드 페이지(949)에서 표시할 수 없는 문자가 파일에 들어 있습니다. 데이터가 손실되지 않게 하려면 해당 파일을 유니코드 형식으로 저장하십시오.
D:\study_2\프로젝트\KPU-GL-PROJECT\GL_PROJECT\Color.h(22,2): warning C4091: 'static ': 변수를 선언하지 않으면 'Color' 왼쪽은 무시됩니다.
  Utill.cpp
BuildSound.obj : error LNK2001: 확인할 수 없는 외부 기호 _FMOD_System_Create@4
BuildSound.obj : error LNK2001: 확인할 수 없는 외부 기호 "public: enum FMOD_RESULT __stdcall FMOD::System::playSound(class FMOD::Sound *,class FMOD::ChannelGroup *,bool,class FMOD::Channel * *)" (?playSound@System@FMOD@@QAG?AW4FMOD_RESULT@@PAVSound@2@PAVChannelGroup@2@_NPAPAVChannel@2@@Z)
BuildSound.obj : error LNK2001: 확인할 수 없는 외부 기호 "public: enum FMOD_RESULT __stdcall FMOD::System::createSound(char const *,unsigned int,struct FMOD_CREATESOUNDEXINFO *,class FMOD::Sound * *)" (?createSound@System@FMOD@@QAG?AW4FMOD_RESULT@@PBDIPAUFMOD_CREATESOUNDEXINFO@@PAPAVSound@2@@Z)
BuildSound.obj : error LNK2001: 확인할 수 없는 외부 기호 "public: enum FMOD_RESULT __stdcall FMOD::System::init(int,unsigned int,void *)" (?init@System@FMOD@@QAG?AW4FMOD_RESULT@@HIPAX@Z)
Framework.obj : error LNK2001: 확인할 수 없는 외부 기호 __imp__FreeImage_Initialise@4
Framework.obj : error LNK2001: 확인할 수 없는 외부 기호 "public: enum FMOD_RESULT __stdcall FMOD::System::update(void)" (?update@System@FMOD@@QAG?AW4FMOD_RESULT@@XZ)
Texture.obj : error LNK2001: 확인할 수 없는 외부 기호 __imp__FreeImage_GetBits@4
Texture.obj : error LNK2001: 확인할 수 없는 외부 기호 __imp__FreeImage_GetHeight@4
Texture.obj : error LNK2001: 확인할 수 없는 외부 기호 __imp__FreeImage_Unload@4
Texture.obj : error LNK2001: 확인할 수 없는 외부 기호 __imp__FreeImage_FlipVertical@4
Texture.obj : error LNK2001: 확인할 수 없는 외부 기호 __imp__FreeImage_ConvertTo32Bits@4
Texture.obj : error LNK2001: 확인할 수 없는 외부 기호 __imp__FreeImage_Load@12
Texture.obj : error LNK2001: 확인할 수 없는 외부 기호 __imp__FreeImage_GetWidth@4
D:\study_2\프로젝트\KPU-GL-PROJECT\GL_PROJECT\Release\GL_PROJECT.exe : fatal error LNK1120: 13개의 확인할 수 없는 외부 참조입니다.
